nohup: ignoring input
[H[2J[3J[0;35m════════════════════════════════════════[0m
[0;36m🔥 ENGINE CYCLE 1[0m
[0;34m⏱️  Runtime: 0h 0m[0m
[0;35m════════════════════════════════════════[0m

[1;33m📡 SCANNING...[0m

[0;32m✅ 0 repos | 0 words | 0 empty | 0 rich[0m

[1;33m🌱 SEEDING...[0m

[0;32m✅ Seeded 0 repos[0m

[1;33m📊 ANALYTICS...[0m
[0;32m✅ Analytics updated[0m

[1;33m🚀 PUSHING...[0m
[main 3a92cf2] 🔥 ENGINE cycle 1 - Sun Feb 15 02:11:24 CST 2026
 2 files changed, 38 insertions(+), 925 deletions(-)
 create mode 100644 api/analytics.json
[0;32m✅ Pushed[0m

[0;35m════════════════════════════════════════[0m
[0;32m✅ CYCLE 1 COMPLETE[0m
[0;36m💤 Cooling down 5 minutes...[0m
[0;35m════════════════════════════════════════[0m

[H[2J[3J[0;35m════════════════════════════════════════[0m
[0;36m🔥 ENGINE CYCLE 2[0m
[0;34m⏱️  Runtime: 0h 5m[0m
[0;35m════════════════════════════════════════[0m

[1;33m📡 SCANNING...[0m

[0;32m✅ 0 repos | 0 words | 0 empty | 0 rich[0m

[1;33m🌱 SEEDING...[0m

[0;32m✅ Seeded 0 repos[0m

[1;33m📊 ANALYTICS...[0m
[0;32m✅ Analytics updated[0m

[1;33m🚀 PUSHING...[0m
[main 2bdb801] 🔥 ENGINE cycle 2 - Sun Feb 15 02:16:30 CST 2026
 2 files changed, 2 insertions(+), 2 deletions(-)
[0;32m✅ Pushed[0m

[0;35m════════════════════════════════════════[0m
[0;32m✅ CYCLE 2 COMPLETE[0m
[0;36m💤 Cooling down 5 minutes...[0m
[0;35m════════════════════════════════════════[0m

[H[2J[3J[0;35m════════════════════════════════════════[0m
[0;36m🔥 ENGINE CYCLE 3[0m
[0;34m⏱️  Runtime: 0h 10m[0m
[0;35m════════════════════════════════════════[0m

[1;33m📡 SCANNING...[0m

[0;32m✅ 0 repos | 0 words | 0 empty | 0 rich[0m

[1;33m🌱 SEEDING...[0m

[0;32m✅ Seeded 0 repos[0m

[1;33m📊 ANALYTICS...[0m
[0;32m✅ Analytics updated[0m

[1;33m🚀 PUSHING...[0m
[main 845baac] 🔥 ENGINE cycle 3 - Sun Feb 15 02:21:41 CST 2026
 2 files changed, 2 insertions(+), 2 deletions(-)
[0;32m✅ Pushed[0m

[0;35m════════════════════════════════════════[0m
[0;32m✅ CYCLE 3 COMPLETE[0m
[0;36m💤 Cooling down 5 minutes...[0m
[0;35m════════════════════════════════════════[0m

[H[2J[3J[0;35m════════════════════════════════════════[0m
[0;36m🔥 ENGINE CYCLE 4[0m
[0;34m⏱️  Runtime: 0h 15m[0m
[0;35m════════════════════════════════════════[0m

[1;33m📡 SCANNING...[0m

[0;32m✅ 0 repos | 0 words | 0 empty | 0 rich[0m

[1;33m🌱 SEEDING...[0m

[0;32m✅ Seeded 0 repos[0m

[1;33m📊 ANALYTICS...[0m
[0;32m✅ Analytics updated[0m

[1;33m🚀 PUSHING...[0m
[main c30d0ce] 🔥 ENGINE cycle 4 - Sun Feb 15 02:26:46 CST 2026
 2 files changed, 2 insertions(+), 2 deletions(-)
[0;32m✅ Pushed[0m

[0;35m════════════════════════════════════════[0m
[0;32m✅ CYCLE 4 COMPLETE[0m
[0;36m💤 Cooling down 5 minutes...[0m
[0;35m════════════════════════════════════════[0m

[H[2J[3J[0;35m════════════════════════════════════════[0m
[0;36m🔥 ENGINE CYCLE 5[0m
[0;34m⏱️  Runtime: 0h 20m[0m
[0;35m════════════════════════════════════════[0m

[1;33m📡 SCANNING...[0m

[0;32m✅ 0 repos | 0 words | 0 empty | 0 rich[0m

[1;33m🌱 SEEDING...[0m

[0;32m✅ Seeded 0 repos[0m

[1;33m📊 ANALYTICS...[0m
[0;32m✅ Analytics updated[0m

[1;33m🚀 PUSHING...[0m
[main 3f4ae64] 🔥 ENGINE cycle 5 - Sun Feb 15 02:31:51 CST 2026
 2 files changed, 2 insertions(+), 2 deletions(-)
[0;32m✅ Pushed[0m

[0;35m════════════════════════════════════════[0m
[0;32m✅ CYCLE 5 COMPLETE[0m
[0;36m💤 Cooling down 5 minutes...[0m
[0;35m════════════════════════════════════════[0m

[H[2J[3J[0;35m════════════════════════════════════════[0m
[0;36m🔥 ENGINE CYCLE 6[0m
[0;34m⏱️  Runtime: 0h 25m[0m
[0;35m════════════════════════════════════════[0m

[1;33m📡 SCANNING...[0m

[0;32m✅ 0 repos | 0 words | 0 empty | 0 rich[0m

[1;33m🌱 SEEDING...[0m

[0;32m✅ Seeded 0 repos[0m

[1;33m📊 ANALYTICS...[0m
[0;32m✅ Analytics updated[0m

[1;33m🚀 PUSHING...[0m
[main 40d8342] 🔥 ENGINE cycle 6 - Sun Feb 15 02:36:55 CST 2026
 2 files changed, 2 insertions(+), 2 deletions(-)
[0;32m✅ Pushed[0m

[0;35m════════════════════════════════════════[0m
[0;32m✅ CYCLE 6 COMPLETE[0m
[0;36m💤 Cooling down 5 minutes...[0m
[0;35m════════════════════════════════════════[0m

[H[2J[3J[0;35m════════════════════════════════════════[0m
[0;36m🔥 ENGINE CYCLE 7[0m
[0;34m⏱️  Runtime: 0h 30m[0m
[0;35m════════════════════════════════════════[0m

[1;33m📡 SCANNING...[0m

[0;32m✅ 0 repos | 0 words | 0 empty | 0 rich[0m

[1;33m🌱 SEEDING...[0m

[0;32m✅ Seeded 0 repos[0m

[1;33m📊 ANALYTICS...[0m
[0;32m✅ Analytics updated[0m

[1;33m🚀 PUSHING...[0m
[main ce9410c] 🔥 ENGINE cycle 7 - Sun Feb 15 02:42:00 CST 2026
 2 files changed, 2 insertions(+), 2 deletions(-)
[0;32m✅ Pushed[0m

[0;35m════════════════════════════════════════[0m
[0;32m✅ CYCLE 7 COMPLETE[0m
[0;36m💤 Cooling down 5 minutes...[0m
[0;35m════════════════════════════════════════[0m

[H[2J[3J[0;35m════════════════════════════════════════[0m
[0;36m🔥 ENGINE CYCLE 8[0m
[0;34m⏱️  Runtime: 0h 35m[0m
[0;35m════════════════════════════════════════[0m

[1;33m📡 SCANNING...[0m

[0;32m✅ 0 repos | 0 words | 0 empty | 0 rich[0m

[1;33m🌱 SEEDING...[0m

[0;32m✅ Seeded 0 repos[0m

[1;33m📊 ANALYTICS...[0m
[0;32m✅ Analytics updated[0m

[1;33m🚀 PUSHING...[0m
[main 29dd0a9] 🔥 ENGINE cycle 8 - Sun Feb 15 02:47:05 CST 2026
 2 files changed, 2 insertions(+), 2 deletions(-)
[0;32m✅ Pushed[0m

[0;35m════════════════════════════════════════[0m
[0;32m✅ CYCLE 8 COMPLETE[0m
[0;36m💤 Cooling down 5 minutes...[0m
[0;35m════════════════════════════════════════[0m

